2018-03-09 16:02:40 PM-root-INFO-user:Using gethomepage function!
2018-03-09 16:02:49 PM-root-INFO-user:Using gethomepage function!
2018-03-09 16:14:44 PM-root-INFO-user:Using gethomepage function!
2018-03-09 16:24:00 PM-root-INFO-user:Using gethomepage function!
2018-03-09 16:25:06 PM-root-INFO-user:Using gethomepage function!
2018-03-09 16:26:22 PM-root-INFO-user:Using gethomepage function!
2018-03-09 16:27:48 PM-root-INFO-user:Using gethomepage function!
2018-03-09 16:28:16 PM-root-INFO-user:Using gethomepage function!
2018-03-09 16:29:53 PM-root-INFO-user:Using gethomepage function!
2018-03-09 16:31:15 PM-root-INFO-user:Using gethomepage function!
2018-03-09 16:32:17 PM-root-INFO-user:Using gethomepage function!
2018-03-09 16:39:53 PM-root-INFO-user:Using gethomepage function!
2018-03-09 16:40:10 PM-django.security.csrf-WARNING-csrf:Forbidden (CSRF cookie not set.): /user_profile/
2018-03-09 16:41:52 PM-root-INFO-user:Using gethomepage function!
2018-03-09 16:41:58 PM-django.request-ERROR-exception:Internal Server Error: /user_profile/
Traceback (most recent call last):
  File "D:\Python\Python36\lib\site-packages\django\core\handlers\exception.py", line 35, in inner
    response = get_response(request)
  File "D:\Python\Python36\lib\site-packages\django\core\handlers\base.py", line 139, in _get_response
    "returned None instead." % (callback.__module__, view_name)
ValueError: The view app01.views.user.user_profile didn't return an HttpResponse object. It returned None instead.
2018-03-09 22:06:44 PM-root-INFO-user:Using gethomepage function!
2018-03-09 22:08:03 PM-root-INFO-user:Using gethomepage function!
2018-03-09 22:09:35 PM-root-INFO-user:Using gethomepage function!
2018-03-09 22:12:29 PM-root-INFO-user:Using gethomepage function!
2018-03-09 22:13:31 PM-root-INFO-user:Using gethomepage function!
2018-03-09 22:15:06 PM-root-INFO-user:Using gethomepage function!
2018-03-09 22:16:13 PM-root-INFO-user:Using gethomepage function!
2018-03-09 22:16:28 PM-root-INFO-user:Using gethomepage function!
2018-03-09 22:17:13 PM-root-INFO-user:Using gethomepage function!
2018-03-09 22:21:51 PM-root-INFO-user:Using gethomepage function!
2018-03-09 22:23:15 PM-root-INFO-user:Using gethomepage function!
2018-03-09 22:24:27 PM-root-INFO-user:Using gethomepage function!
2018-03-09 22:26:52 PM-root-INFO-user:Using gethomepage function!
2018-03-09 22:29:05 PM-root-INFO-user:Using gethomepage function!
2018-03-09 22:29:26 PM-root-INFO-user:Using gethomepage function!
