2018-03-09 15:27:39 PM-root-INFO-user:Using getcomment function!
2018-03-09 15:27:47 PM-root-INFO-user:Using comment function!
2018-03-09 15:28:09 PM-root-INFO-user:Using getcomment function!
2018-03-09 15:28:11 PM-root-INFO-user:Using getcomment function!
2018-03-09 15:28:50 PM-root-INFO-user:Using getcomment function!
2018-03-09 15:29:12 PM-root-INFO-user:Using comment function!
2018-03-09 15:30:11 PM-root-INFO-user:Using getcomment function!
2018-03-09 15:30:21 PM-root-INFO-user:Using getcomment function!
2018-03-09 15:30:26 PM-root-INFO-user:Using comment function!
2018-03-09 15:30:48 PM-root-INFO-user:Using comment function!
2018-03-09 15:33:17 PM-root-INFO-user:Using setcomment function!
2018-03-09 15:34:05 PM-root-INFO-user:Using getcomment function!
2018-03-09 15:34:12 PM-root-INFO-user:Using setcomment function!
2018-03-09 15:35:25 PM-root-INFO-user:Using setcomment function!
2018-03-09 15:35:55 PM-root-INFO-user:Using setcomment function!
2018-03-09 15:36:49 PM-root-INFO-user:Using setcomment function!
2018-03-09 15:38:05 PM-root-INFO-user:Using setcomment function!
2018-03-09 15:38:10 PM-root-INFO-user:Using setcomment function!
2018-03-09 15:38:14 PM-root-INFO-user:Using setcomment function!
2018-03-09 15:39:15 PM-root-INFO-user:Using setcomment function!
2018-03-09 15:39:21 PM-root-INFO-user:Using setcomment function!
2018-03-09 15:39:47 PM-root-INFO-user:Using setcomment function!
2018-03-09 15:39:53 PM-root-INFO-user:Using setcomment function!
2018-03-09 15:39:56 PM-root-INFO-user:Using setcomment function!
2018-03-09 15:39:58 PM-root-INFO-user:Using setcomment function!
2018-03-09 15:40:11 PM-root-INFO-user:Using setcomment function!
2018-03-09 15:41:06 PM-root-INFO-user:Using setcomment function! asfdfdsadf
2018-03-09 15:42:50 PM-root-INFO-user:Using setcomment function! 2222
2018-03-09 15:42:53 PM-root-INFO-user:Using setcomment function! 1111111
2018-03-09 15:42:57 PM-root-INFO-user:Using setcomment function! 44444
2018-03-09 15:43:04 PM-root-INFO-user:Using setcomment function! 55555
2018-03-09 15:43:12 PM-root-INFO-user:Using setcomment function! 66666
2018-03-09 15:43:25 PM-root-INFO-user:Using setcomment function! 1321
2018-03-09 15:45:14 PM-root-INFO-user:Using comment function! %s
2018-03-09 15:45:16 PM-root-INFO-user:Using comment function! %s
2018-03-09 15:45:22 PM-root-INFO-user:Using comment function! %s
2018-03-09 15:45:38 PM-root-INFO-user:Using comment function! %s
2018-03-09 15:45:46 PM-root-INFO-user:Using comment function! %s
2018-03-09 15:49:14 PM-root-INFO-user:Using comment function! %s
2018-03-09 15:49:19 PM-root-INFO-user:Using comment function! %s
2018-03-09 15:49:21 PM-root-INFO-user:Using comment function! %s
2018-03-09 15:49:24 PM-root-INFO-user:Using comment function! %s
