2018-03-09 19:11:00 PM-root-INFO-user:Using login function!
2018-03-09 19:11:03 PM-root-INFO-user:Using gethomepage function!
2018-03-09 19:12:30 PM-root-INFO-user:Using gethomepage function!
2018-03-09 19:13:43 PM-root-INFO-user:Using gethomepage function!
2018-03-09 19:14:23 PM-root-INFO-user:Using gethomepage function!
2018-03-09 19:15:21 PM-root-INFO-user:Using gethomepage function!
2018-03-09 19:22:24 PM-root-INFO-user:Using gethomepage function!
2018-03-09 19:29:57 PM-root-INFO-user:Using gethomepage function!
2018-03-09 19:30:16 PM-root-INFO-user:Using gethomepage function!
2018-03-09 19:33:24 PM-root-INFO-user:Using gethomepage function!
2018-03-09 19:35:00 PM-root-INFO-user:Using gethomepage function!
2018-03-09 19:35:14 PM-root-INFO-user:Using gethomepage function!
2018-03-09 19:36:24 PM-root-INFO-user:Using gethomepage function!
2018-03-09 19:37:39 PM-root-INFO-user:Using gethomepage function!
2018-03-09 19:38:02 PM-root-INFO-user:Using gethomepage function!
2018-03-09 19:39:10 PM-root-INFO-user:Using gethomepage function!
2018-03-09 19:39:26 PM-root-INFO-user:Using gethomepage function!
2018-03-10 20:06:53 PM-root-INFO-user:Using login function!
2018-03-10 20:37:26 PM-django.request-WARNING-base:Not Found: /index/face/1.gif
2018-03-10 20:37:26 PM-django.request-WARNING-base:Not Found: /index/face/3.gif
2018-03-10 20:37:26 PM-django.request-WARNING-base:Not Found: /index/face/2.gif
2018-03-10 20:37:26 PM-django.request-WARNING-base:Not Found: /index/face/5.gif
2018-03-10 20:37:26 PM-django.request-WARNING-base:Not Found: /index/face/4.gif
2018-03-10 20:37:26 PM-django.request-WARNING-base:Not Found: /index/face/6.gif
2018-03-10 20:37:26 PM-django.request-WARNING-base:Not Found: /index/face/7.gif
2018-03-10 20:37:26 PM-django.request-WARNING-base:Not Found: /index/face/8.gif
2018-03-10 20:37:26 PM-django.request-WARNING-base:Not Found: /index/face/9.gif
2018-03-10 20:37:26 PM-django.request-WARNING-base:Not Found: /index/face/10.gif
2018-03-10 20:37:26 PM-django.request-WARNING-base:Not Found: /index/face/11.gif
2018-03-10 20:37:26 PM-django.request-WARNING-base:Not Found: /index/face/12.gif
2018-03-10 20:37:26 PM-django.request-WARNING-base:Not Found: /index/face/13.gif
2018-03-10 20:37:26 PM-django.request-WARNING-base:Not Found: /index/face/14.gif
2018-03-10 20:37:26 PM-django.request-WARNING-base:Not Found: /index/face/15.gif
2018-03-10 20:37:26 PM-django.request-WARNING-base:Not Found: /index/face/16.gif
2018-03-10 20:37:26 PM-django.request-WARNING-base:Not Found: /index/face/34.gif
2018-03-10 20:37:26 PM-django.request-WARNING-base:Not Found: /index/face/62.gif
2018-03-10 20:37:26 PM-django.request-WARNING-base:Not Found: /index/face/53.gif
2018-03-10 20:37:26 PM-django.request-WARNING-base:Not Found: /index/face/39.gif
2018-03-10 20:37:26 PM-django.request-WARNING-base:Not Found: /index/face/55.gif
2018-03-10 20:37:26 PM-django.request-WARNING-base:Not Found: /index/face/50.gif
2018-03-10 20:37:26 PM-django.request-WARNING-base:Not Found: /index/face/31.gif
2018-03-10 20:37:26 PM-django.request-WARNING-base:Not Found: /index/face/66.gif
2018-03-10 20:37:26 PM-django.request-WARNING-base:Not Found: /index/face/36.gif
2018-03-10 20:37:26 PM-django.request-WARNING-base:Not Found: /index/face/73.gif
2018-03-10 20:37:26 PM-django.request-WARNING-base:Not Found: /index/face/17.gif
2018-03-10 20:37:26 PM-django.request-WARNING-base:Not Found: /index/face/47.gif
2018-03-10 20:37:26 PM-django.request-WARNING-base:Not Found: /index/face/64.gif
2018-03-10 20:37:26 PM-django.request-WARNING-base:Not Found: /index/face/19.gif
2018-03-10 20:37:26 PM-django.request-WARNING-base:Not Found: /index/face/75.gif
2018-03-10 20:37:26 PM-django.request-WARNING-base:Not Found: /index/face/27.gif
2018-03-10 20:37:26 PM-django.request-WARNING-base:Not Found: /index/face/35.gif
2018-03-10 20:37:26 PM-django.request-WARNING-base:Not Found: /index/face/74.gif
2018-03-10 20:37:26 PM-django.request-WARNING-base:Not Found: /index/face/45.gif
2018-03-10 20:37:26 PM-django.request-WARNING-base:Not Found: /index/face/32.gif
2018-03-10 20:37:26 PM-django.request-WARNING-base:Not Found: /index/face/28.gif
2018-03-10 20:37:26 PM-django.request-WARNING-base:Not Found: /index/face/20.gif
2018-03-10 20:37:27 PM-django.request-WARNING-base:Not Found: /index/face/56.gif
2018-03-10 20:37:27 PM-django.request-WARNING-base:Not Found: /index/face/63.gif
2018-03-10 20:37:27 PM-django.request-WARNING-base:Not Found: /index/face/65.gif
2018-03-10 20:37:27 PM-django.request-WARNING-base:Not Found: /index/face/60.gif
2018-03-10 20:37:27 PM-django.request-WARNING-base:Not Found: /index/face/54.gif
2018-03-10 20:37:27 PM-django.request-WARNING-base:Not Found: /index/face/67.gif
2018-03-10 20:37:27 PM-django.request-WARNING-base:Not Found: /index/face/61.gif
2018-03-10 20:37:27 PM-django.request-WARNING-base:Not Found: /index/face/58.gif
2018-03-10 20:37:27 PM-django.request-WARNING-base:Not Found: /index/face/24.gif
2018-03-10 20:37:27 PM-django.request-WARNING-base:Not Found: /index/face/57.gif
2018-03-10 20:37:27 PM-django.request-WARNING-base:Not Found: /index/face/68.gif
2018-03-10 20:37:27 PM-django.request-WARNING-base:Not Found: /index/face/59.gif
2018-03-10 20:37:27 PM-django.request-WARNING-base:Not Found: /index/face/33.gif
2018-03-10 20:37:27 PM-django.request-WARNING-base:Not Found: /index/face/25.gif
2018-03-10 20:37:27 PM-django.request-WARNING-base:Not Found: /index/face/46.gif
2018-03-10 20:37:27 PM-django.request-WARNING-base:Not Found: /index/face/41.gif
2018-03-10 20:37:27 PM-django.request-WARNING-base:Not Found: /index/face/26.gif
2018-03-10 20:37:27 PM-django.request-WARNING-base:Not Found: /index/face/22.gif
2018-03-10 20:37:27 PM-django.request-WARNING-base:Not Found: /index/face/71.gif
2018-03-10 20:37:27 PM-django.request-WARNING-base:Not Found: /index/face/48.gif
2018-03-10 20:37:27 PM-django.request-WARNING-base:Not Found: /index/face/44.gif
2018-03-10 20:37:27 PM-django.request-WARNING-base:Not Found: /index/face/18.gif
2018-03-10 20:37:27 PM-django.request-WARNING-base:Not Found: /index/face/49.gif
2018-03-10 20:37:27 PM-django.request-WARNING-base:Not Found: /index/face/72.gif
2018-03-10 20:37:27 PM-django.request-WARNING-base:Not Found: /index/face/42.gif
2018-03-10 20:37:27 PM-django.request-WARNING-base:Not Found: /index/face/69.gif
2018-03-10 20:37:27 PM-django.request-WARNING-base:Not Found: /index/face/40.gif
2018-03-10 20:37:27 PM-django.request-WARNING-base:Not Found: /index/face/30.gif
2018-03-10 20:37:27 PM-django.request-WARNING-base:Not Found: /index/face/23.gif
2018-03-10 20:37:27 PM-django.request-WARNING-base:Not Found: /index/face/38.gif
2018-03-10 20:37:27 PM-django.request-WARNING-base:Not Found: /index/face/51.gif
2018-03-10 20:37:27 PM-django.request-WARNING-base:Not Found: /index/face/29.gif
2018-03-10 20:37:27 PM-django.request-WARNING-base:Not Found: /index/face/43.gif
2018-03-10 20:37:27 PM-django.request-WARNING-base:Not Found: /index/face/70.gif
2018-03-10 20:37:27 PM-django.request-WARNING-base:Not Found: /index/face/37.gif
2018-03-10 20:37:27 PM-django.request-WARNING-base:Not Found: /index/face/21.gif
2018-03-10 20:37:27 PM-django.request-WARNING-base:Not Found: /index/face/52.gif
2018-03-10 21:31:33 PM-root-INFO-user:Using post_weibo function!
2018-03-10 21:41:19 PM-root-INFO-user:Using post_weibo function!
2018-03-10 21:44:34 PM-root-INFO-user:Using post_weibo function!
2018-03-10 21:44:34 PM-django.request-WARNING-base:Not Found: /index/face/1.gif
2018-03-10 21:47:59 PM-root-INFO-user:Using post_weibo function!
2018-03-10 21:48:07 PM-root-INFO-user:Using post_weibo function!
2018-03-10 21:49:34 PM-root-INFO-user:Using post_weibo function!
2018-03-10 21:50:01 PM-root-INFO-user:Using post_weibo function!
2018-03-10 21:50:08 PM-root-INFO-user:Using post_weibo function!
2018-03-10 21:50:50 PM-root-INFO-user:Using post_weibo function!
2018-03-10 21:51:29 PM-root-INFO-user:Using post_weibo function!
2018-03-10 22:02:18 PM-root-INFO-user:Using post_weibo function!
2018-03-10 22:08:04 PM-root-INFO-user:Using post_weibo function!
2018-03-10 22:08:04 PM-django.request-WARNING-base:Not Found: /index/face/1.gif
2018-03-10 22:09:48 PM-root-INFO-user:Using post_weibo function!
2018-03-10 22:09:49 PM-django.request-WARNING-base:Not Found: /index/face/2.gif
2018-03-10 22:10:19 PM-root-INFO-user:Using post_weibo function!
2018-03-10 22:10:21 PM-django.request-WARNING-base:Not Found: /index/face/33.gif
2018-03-10 22:10:21 PM-django.request-WARNING-base:Not Found: /index/face/3.gif
2018-03-10 22:14:32 PM-root-INFO-user:Using post_weibo function!
2018-03-10 22:14:34 PM-django.request-WARNING-base:Not Found: /index/face/17.gif
2018-03-10 22:15:42 PM-root-INFO-user:Using post_weibo function!
2018-03-10 22:16:18 PM-root-INFO-user:Using post_weibo function!
2018-03-10 22:17:05 PM-root-INFO-user:Using post_weibo function!
2018-03-10 22:17:18 PM-root-INFO-user:Using post_weibo function!
2018-03-10 22:17:19 PM-root-INFO-user:Using post_weibo function!
2018-03-10 22:17:19 PM-root-INFO-user:Using post_weibo function!
2018-03-10 22:17:20 PM-root-INFO-user:Using post_weibo function!
2018-03-10 22:17:20 PM-root-INFO-user:Using post_weibo function!
2018-03-10 22:17:20 PM-root-INFO-user:Using post_weibo function!
2018-03-10 22:17:20 PM-root-INFO-user:Using post_weibo function!
2018-03-10 22:17:21 PM-root-INFO-user:Using post_weibo function!
2018-03-10 22:17:21 PM-root-INFO-user:Using post_weibo function!
2018-03-10 22:17:38 PM-root-INFO-user:Using post_weibo function!
2018-03-10 22:17:42 PM-root-INFO-user:Using post_weibo function!
2018-03-10 22:18:15 PM-root-INFO-user:Using post_weibo function!
2018-03-10 22:18:29 PM-root-INFO-user:Using post_weibo function!
2018-03-10 22:20:10 PM-root-INFO-user:Using post_weibo function!
2018-03-10 22:20:11 PM-django.request-WARNING-base:Not Found: /index/face/3.gif
2018-03-10 22:20:45 PM-root-INFO-user:Using post_weibo function!
2018-03-10 22:20:46 PM-django.request-WARNING-base:Not Found: /index/face/4.gif
2018-03-10 22:21:36 PM-root-INFO-user:Using post_weibo function!
2018-03-10 22:21:54 PM-root-INFO-user:Using post_weibo function!
2018-03-10 22:22:28 PM-root-INFO-user:Using post_weibo function!
2018-03-10 22:22:58 PM-root-INFO-user:Using post_weibo function!
2018-03-10 22:23:04 PM-root-INFO-user:Using post_weibo function!
2018-03-10 22:23:11 PM-root-INFO-user:Using post_weibo function!
2018-03-10 22:23:14 PM-root-INFO-user:Using post_weibo function!
2018-03-10 22:23:17 PM-root-INFO-user:Using post_weibo function!
2018-03-10 22:23:25 PM-root-INFO-user:Using post_weibo function!
2018-03-10 22:23:30 PM-root-INFO-user:Using post_weibo function!
2018-03-10 22:23:34 PM-root-INFO-user:Using post_weibo function!
2018-03-10 22:23:37 PM-root-INFO-user:Using post_weibo function!
2018-03-10 22:23:42 PM-root-INFO-user:Using post_weibo function!
2018-03-10 22:25:04 PM-root-INFO-user:Using post_weibo function!
2018-03-10 22:25:35 PM-root-INFO-user:Using post_weibo function!
2018-03-10 22:25:40 PM-root-INFO-user:Using post_weibo function!
2018-03-10 22:25:43 PM-root-INFO-user:Using post_weibo function!
2018-03-10 22:26:39 PM-root-INFO-user:Using post_weibo function!
2018-03-10 22:28:19 PM-root-INFO-user:Using post_weibo function!
2018-03-10 22:28:31 PM-root-INFO-user:Using post_weibo function!
2018-03-10 22:30:01 PM-root-INFO-user:Using post_weibo function!
2018-03-10 22:31:02 PM-root-INFO-user:Using post_weibo function!
2018-03-10 22:31:15 PM-root-INFO-user:Using post_weibo function!
2018-03-10 22:33:22 PM-root-INFO-user:Using post_weibo function!
2018-03-10 22:33:51 PM-root-INFO-user:Using post_weibo function!
2018-03-10 22:41:15 PM-root-INFO-user:Using post_weibo function!
2018-03-10 22:41:48 PM-root-INFO-user:Using post_weibo function!
2018-03-10 22:43:18 PM-root-INFO-user:Using post_weibo function!
2018-03-10 22:47:32 PM-root-INFO-user:Using post_weibo function!
2018-03-10 22:50:56 PM-root-INFO-user:Using post_weibo function!
2018-03-10 22:51:04 PM-root-INFO-user:Using post_weibo function!
2018-03-10 23:28:29 PM-root-INFO-user:Using post_weibo function!
2018-03-10 23:29:40 PM-root-INFO-user:Using post_weibo function!
2018-03-10 23:29:55 PM-root-INFO-user:Using post_weibo function!
2018-03-11 00:04:25 AM-root-INFO-user:Using post_weibo function!
